<?xml version="1.0" encoding="UTF-8"?>
<!-- Generated by org.testng.reporters.JUnitXMLReporter -->
<testsuite ignored="2" hostname="G10XINLT00383" failures="0" tests="0" time="0.011" errors="0" timestamp="2026-06-20T18:58:11 IST">
  <testcase classname="Selenium_TestNG_Framework.SubmitOrderTest" name="orderHistoryValidation" time="0.0">
    <ignored/>
  </testcase> <!-- orderHistoryValidation -->
  <testcase classname="Selenium_TestNG_Framework.SubmitOrderTest" name="submitOrder" time="0.0">
    <ignored/>
  </testcase> <!-- submitOrder -->
</testsuite>
