<?xml version="1.0" encoding="UTF-8"?>
<!-- Generated by org.testng.reporters.JUnitXMLReporter -->
<testsuite ignored="1" hostname="G10XINLT00383" failures="0" tests="2" name="Submit Order Test" time="44.395" errors="0" timestamp="2026-04-10T15:20:14 IST">
  <testcase classname="Selenium_TestNG_Framework.SubmitOrderTest" name="submitOrder" time="17.739"/>
  <testcase classname="Selenium_TestNG_Framework.SubmitOrderTest" name="submitOrder" time="17.797"/>
  <testcase classname="Selenium_TestNG_Framework.SubmitOrderTest" name="orderHistoryValidation" time="0.0">
    <ignored/>
  </testcase> <!-- orderHistoryValidation -->
</testsuite> <!-- Submit Order Test -->
