<?xml version="1.0" encoding="UTF-8"?>
<testng-results ignored="2" total="4" passed="2" failed="0" skipped="0">
  <reporter-output>
  </reporter-output>
  <suite started-at="2026-04-10T15:19:29 IST" name="Suite" finished-at="2026-04-10T15:20:14 IST" duration-ms="44395">
    <groups>
      <group name="purchaseTestCases">
        <method signature="SubmitOrderTest.submitOrder(java.util.HashMap)[pri:0, instance:Selenium_TestNG_Framework.SubmitOrderTest@7c0c77c7]" name="submitOrder" class="Selenium_TestNG_Framework.SubmitOrderTest"/>
      </group> <!-- purchaseTestCases -->
    </groups>
    <test started-at="2026-04-10T15:19:29 IST" name="Error Validation Test" finished-at="2026-04-10T15:19:29 IST" duration-ms="7">
    </test> <!-- Error Validation Test -->
    <test started-at="2026-04-10T15:19:29 IST" name="Submit Order Test" finished-at="2026-04-10T15:20:14 IST" duration-ms="44395">
      <class name="Selenium_TestNG_Framework.SubmitOrderTest">
        <test-method is-config="true" signature="launchApplication()[pri:0, instance:Selenium_TestNG_Framework.SubmitOrderTest@7c0c77c7]" started-at="2026-04-10T15:19:30 IST" name="launchApplication" finished-at="2026-04-10T15:19:34 IST" duration-ms="4465" status="PASS">
          <reporter-output>
          </reporter-output>
        </test-method> <!-- launchApplication -->
        <test-method signature="submitOrder(java.util.HashMap)[pri:0, instance:Selenium_TestNG_Framework.SubmitOrderTest@7c0c77c7]" started-at="2026-04-10T15:19:34 IST" name="submitOrder" data-provider="getData" finished-at="2026-04-10T15:19:52 IST" duration-ms="17739" status="PASS">
          <params>
            <param index="0">
              <value>
                <![CDATA[{password=Arijit@123, email=arijit@kayal.com, wishedProduct=ZARA COAT 3}]]>
              </value>
            </param>
          </params>
          <reporter-output>
          </reporter-output>
        </test-method> <!-- submitOrder -->
        <test-method is-config="true" signature="closeApplication()[pri:0, instance:Selenium_TestNG_Framework.SubmitOrderTest@7c0c77c7]" started-at="2026-04-10T15:19:52 IST" name="closeApplication" finished-at="2026-04-10T15:19:52 IST" duration-ms="505" status="PASS">
          <reporter-output>
          </reporter-output>
        </test-method> <!-- closeApplication -->
        <test-method is-config="true" signature="launchApplication()[pri:0, instance:Selenium_TestNG_Framework.SubmitOrderTest@7c0c77c7]" started-at="2026-04-10T15:19:52 IST" name="launchApplication" finished-at="2026-04-10T15:19:55 IST" duration-ms="2953" status="PASS">
          <reporter-output>
          </reporter-output>
        </test-method> <!-- launchApplication -->
        <test-method signature="submitOrder(java.util.HashMap)[pri:0, instance:Selenium_TestNG_Framework.SubmitOrderTest@7c0c77c7]" started-at="2026-04-10T15:19:55 IST" name="submitOrder" data-provider="getData" finished-at="2026-04-10T15:20:13 IST" duration-ms="17797" status="PASS">
          <params>
            <param index="0">
              <value>
                <![CDATA[{password=Lina@123, email=lina@kayal.com, wishedProduct=ADIDAS ORIGINAL}]]>
              </value>
            </param>
          </params>
          <reporter-output>
          </reporter-output>
        </test-method> <!-- submitOrder -->
        <test-method is-config="true" signature="closeApplication()[pri:0, instance:Selenium_TestNG_Framework.SubmitOrderTest@7c0c77c7]" started-at="2026-04-10T15:20:13 IST" name="closeApplication" finished-at="2026-04-10T15:20:14 IST" duration-ms="582" status="PASS">
          <reporter-output>
          </reporter-output>
        </test-method> <!-- closeApplication -->
      </class> <!-- Selenium_TestNG_Framework.SubmitOrderTest -->
    </test> <!-- Submit Order Test -->
  </suite> <!-- Suite -->
</testng-results>
