<?xml version="1.0" encoding="UTF-8"?>
<!-- Generated by org.testng.reporters.JUnitReportReporter -->
<testsuite hostname="G10XINLT00383" failures="0" tests="2" name="Selenium_TestNG_Framework.SubmitOrderTest" time="50.576" errors="0" timestamp="2026-06-20T18:58:01 IST" skipped="0">
  <testcase classname="Selenium_TestNG_Framework.SubmitOrderTest" name="submitOrder" time="25.837"/>
  <testcase classname="Selenium_TestNG_Framework.SubmitOrderTest" name="submitOrder" time="24.739"/>
</testsuite> <!-- Selenium_TestNG_Framework.SubmitOrderTest -->
