<?xml version="1.0" encoding="UTF-8"?>
<!-- Generated by org.testng.reporters.JUnitReportReporter -->
<testsuite hostname="G10XINLT00383" failures="0" tests="2" name="Selenium_TestNG_Framework.SubmitOrderTest" time="44.041" errors="0" timestamp="2026-04-10T15:20:14 IST" skipped="0">
  <testcase classname="Selenium_TestNG_Framework.SubmitOrderTest" name="submitOrder" time="21.255"/>
  <testcase classname="Selenium_TestNG_Framework.SubmitOrderTest" name="submitOrder" time="22.786"/>
</testsuite> <!-- Selenium_TestNG_Framework.SubmitOrderTest -->
